<?xml version="1.0" encoding="UTF-8"?>
<!-- Generated by org.testng.reporters.JUnitReportReporter -->
<testsuite skipped="0" hostname="DESKTOP-86ES58S" name="aca.first.test.MyFirstWebDriverTest" tests="4" failures="0" timestamp="13 Apr 2017 08:10:27 GMT" time="55.988" errors="0">
  <testcase name="article" time="13.375" classname="aca.first.test.MyFirstWebDriverTest"/>
  <testcase name="logIn" time="13.574" classname="aca.first.test.MyFirstWebDriverTest"/>
  <testcase name="logInFail" time="13.341" classname="aca.first.test.MyFirstWebDriverTest"/>
  <testcase name="salaries" time="15.698" classname="aca.first.test.MyFirstWebDriverTest"/>
</testsuite> <!-- aca.first.test.MyFirstWebDriverTest -->
