<?xml version="1.0" encoding="UTF-8"?>
<!-- Generated by org.testng.reporters.JUnitReportReporter -->
<testsuite skipped="0" hostname="DESKTOP-86ES58S" name="aca.first.test.MyFirstWebDriverTest" tests="1" failures="0" timestamp="11 Apr 2017 06:36:31 GMT" time="60.690" errors="0">
  <testcase name="myFirstTest" time="60.690" classname="aca.first.test.MyFirstWebDriverTest"/>
</testsuite> <!-- aca.first.test.MyFirstWebDriverTest -->
